<?xml version="1.0" encoding="UTF-8"?>
<!-- Generated by org.testng.reporters.JUnitXMLReporter -->
<testsuite hostname="AAPCLW10-1670" ignored="0" name="Default test" tests="5" failures="0" timestamp="30 Mar 2019 16:33:40 GMT" time="0.047" errors="0">
  <testcase name="f" time="0.012" classname="priority.NewTest"/>
  <testcase name="a" time="0.001" classname="priority.NewTest"/>
  <testcase name="u" time="0.002" classname="priority.NewTest"/>
  <testcase name="d" time="0.001" classname="priority.NewTest"/>
  <testcase name="e" time="0.001" classname="priority.NewTest"/>
</testsuite> <!-- Default test -->
