<?xml version="1.0" encoding="UTF-8"?>
<!-- Generated by org.testng.reporters.JUnitXMLReporter -->
<testsuite hostname="AAPCLW10-1670" ignored="0" name="Test" tests="4" failures="0" timestamp="30 Mar 2019 17:33:38 GMT" time="39.949" errors="0">
  <testcase name="tc01" time="17.349" classname="mainScript.DriverScript"/>
  <testcase name="tc02" time="7.252" classname="mainScript.DriverScript"/>
  <testcase name="tc03" time="2.049" classname="mainScript.DriverScript"/>
  <testcase name="tc04" time="12.593" classname="mainScript.DriverScript"/>
</testsuite> <!-- Test -->
